[INFO][2019-10-15 20:13:50,896][org.springframework.context.support.ClassPathXmlApplicationContext]Refreshing org.springframework.context.support.ClassPathXmlApplicationContext@37f5d386: display name [org.springframework.context.support.ClassPathXmlApplicationContext@37f5d386]; startup date [Tue Oct 15 20:13:50 CST 2019]; root of context hierarchy
[DEBUG][2019-10-15 20:13:50,913][org.springframework.core.CollectionFactory]Creating [java.util.concurrent.ConcurrentHashMap]
[DEBUG][2019-10-15 20:13:50,914][org.springframework.core.CollectionFactory]Creating [java.util.concurrent.ConcurrentHashMap]
[DEBUG][2019-10-15 20:13:50,914][org.springframework.core.CollectionFactory]Creating [java.util.concurrent.ConcurrentHashMap]
[DEBUG][2019-10-15 20:13:50,914][org.springframework.core.CollectionFactory]Creating [java.util.concurrent.ConcurrentHashMap]
[DEBUG][2019-10-15 20:13:50,914][org.springframework.core.CollectionFactory]Creating [java.util.concurrent.ConcurrentHashMap]
[DEBUG][2019-10-15 20:13:50,914][org.springframework.core.CollectionFactory]Creating [java.util.concurrent.ConcurrentHashMap]
[DEBUG][2019-10-15 20:13:50,914][org.springframework.core.CollectionFactory]Creating [java.util.concurrent.ConcurrentHashMap]
[DEBUG][2019-10-15 20:13:50,917][org.springframework.core.CollectionFactory]Creating [java.util.concurrent.ConcurrentHashMap]
[DEBUG][2019-10-15 20:13:50,918][org.springframework.core.CollectionFactory]Creating [java.util.concurrent.ConcurrentHashMap]
[INFO][2019-10-15 20:13:50,934][org.springframework.beans.factory.xml.XmlBeanDefinitionReader]Loading XML bean definitions from class path resource [spring-context-owen.xml]
[DEBUG][2019-10-15 20:13:50,944][org.springframework.beans.factory.xml.DefaultDocumentLoader]Using JAXP provider [com.sun.org.apache.xerces.internal.jaxp.DocumentBuilderFactoryImpl]
[DEBUG][2019-10-15 20:13:50,963][org.springframework.beans.factory.xml.PluggableSchemaResolver]Trying to resolve XML entity with public id [null] and system id [http://www.springframework.org/schema/beans/spring-beans-2.0.xsd]
[DEBUG][2019-10-15 20:13:50,963][org.springframework.beans.factory.xml.PluggableSchemaResolver]Loading schema mappings from [META-INF/spring.schemas]
[DEBUG][2019-10-15 20:13:50,967][org.springframework.beans.factory.xml.PluggableSchemaResolver]Loaded schema mappings: {http://www.springframework.org/schema/redis/spring-redis-1.0.xsd=org/springframework/data/redis/config/spring-redis-1.0.xsd, http://www.ctrip.com/schema/apollo-1.0.0.xsd=/META-INF/apollo-1.0.0.xsd, http://www.springframework.org/schema/util/spring-util.xsd=org/springframework/beans/factory/xml/spring-util-3.1.xsd, http://www.springframework.org/schema/beans/spring-beans-3.1.xsd=org/springframework/beans/factory/xml/spring-beans-3.1.xsd, http://www.springframework.org/schema/task/spring-task.xsd=org/springframework/scheduling/config/spring-task-3.1.xsd, http://www.springframework.org/schema/cache/spring-cache.xsd=org/springframework/cache/config/spring-cache-3.1.xsd, http://www.springframework.org/schema/aop/spring-aop-3.0.xsd=org/springframework/aop/config/spring-aop-3.0.xsd, http://www.springframework.org/schema/task/spring-task-3.1.xsd=org/springframework/scheduling/config/spring-task-3.1.xsd, http://www.springframework.org/schema/aop/spring-aop-2.0.xsd=org/springframework/aop/config/spring-aop-2.0.xsd, http://www.springframework.org/schema/tool/spring-tool-2.5.xsd=org/springframework/beans/factory/xml/spring-tool-2.5.xsd, http://www.springframework.org/schema/beans/spring-beans.xsd=org/springframework/beans/factory/xml/spring-beans-3.1.xsd, http://www.springframework.org/schema/jee/spring-jee-2.5.xsd=org/springframework/ejb/config/spring-jee-2.5.xsd, http://www.springframework.org/schema/tool/spring-tool-3.1.xsd=org/springframework/beans/factory/xml/spring-tool-3.1.xsd, http://www.springframework.org/schema/redis/spring-redis.xsd=org/springframework/data/redis/config/spring-redis-1.0.xsd, http://www.springframework.org/schema/jee/spring-jee-3.1.xsd=org/springframework/ejb/config/spring-jee-3.1.xsd, http://www.springframework.org/schema/aop/spring-aop.xsd=org/springframework/aop/config/spring-aop-3.1.xsd, http://www.springframework.org/schema/beans/spring-beans-2.0.xsd=org/springframework/beans/factory/xml/spring-beans-2.0.xsd, http://www.springframework.org/schema/beans/spring-beans-3.0.xsd=org/springframework/beans/factory/xml/spring-beans-3.0.xsd, http://www.springframework.org/schema/task/spring-task-3.0.xsd=org/springframework/scheduling/config/spring-task-3.0.xsd, http://www.ctrip.com/schema/apollo.xsd=/META-INF/apollo-1.0.0.xsd, http://www.springframework.org/schema/tx/spring-tx-2.5.xsd=org/springframework/transaction/config/spring-tx-2.5.xsd, http://www.springframework.org/schema/context/spring-context-2.5.xsd=org/springframework/context/config/spring-context-2.5.xsd, http://www.springframework.org/schema/tool/spring-tool-3.0.xsd=org/springframework/beans/factory/xml/spring-tool-3.0.xsd, http://www.springframework.org/schema/tx/spring-tx.xsd=org/springframework/transaction/config/spring-tx-3.1.xsd, http://www.springframework.org/schema/tool/spring-tool-2.0.xsd=org/springframework/beans/factory/xml/spring-tool-2.0.xsd, http://www.springframework.org/schema/util/spring-util-2.5.xsd=org/springframework/beans/factory/xml/spring-util-2.5.xsd, http://www.springframework.org/schema/lang/spring-lang.xsd=org/springframework/scripting/config/spring-lang-3.1.xsd, http://www.springframework.org/schema/lang/spring-lang-2.5.xsd=org/springframework/scripting/config/spring-lang-2.5.xsd, http://www.springframework.org/schema/jee/spring-jee-3.0.xsd=org/springframework/ejb/config/spring-jee-3.0.xsd, http://www.springframework.org/schema/tx/spring-tx-3.1.xsd=org/springframework/transaction/config/spring-tx-3.1.xsd, http://www.springframework.org/schema/jee/spring-jee-2.0.xsd=org/springframework/ejb/config/spring-jee-2.0.xsd, http://www.springframework.org/schema/context/spring-context-3.1.xsd=org/springframework/context/config/spring-context-3.1.xsd, http://www.springframework.org/schema/util/spring-util-3.1.xsd=org/springframework/beans/factory/xml/spring-util-3.1.xsd, http://www.springframework.org/schema/lang/spring-lang-3.1.xsd=org/springframework/scripting/config/spring-lang-3.1.xsd, http://www.springframework.org/schema/cache/spring-cache-3.1.xsd=org/springframework/cache/config/spring-cache-3.1.xsd, http://www.springframework.org/schema/context/spring-context.xsd=org/springframework/context/config/spring-context-3.1.xsd, http://www.springframework.org/schema/jee/spring-jee.xsd=org/springframework/ejb/config/spring-jee-3.1.xsd, http://www.springframework.org/schema/jms/spring-jms-2.5.xsd=org/springframework/jms/config/spring-jms-2.5.xsd, http://www.springframework.org/schema/jms/spring-jms.xsd=org/springframework/jms/config/spring-jms-2.5.xsd, http://www.springframework.org/schema/aop/spring-aop-2.5.xsd=org/springframework/aop/config/spring-aop-2.5.xsd, http://www.springframework.org/schema/aop/spring-aop-3.1.xsd=org/springframework/aop/config/spring-aop-3.1.xsd, http://www.springframework.org/schema/tx/spring-tx-2.0.xsd=org/springframework/transaction/config/spring-tx-2.0.xsd, http://www.springframework.org/schema/tx/spring-tx-3.0.xsd=org/springframework/transaction/config/spring-tx-3.0.xsd, http://www.springframework.org/schema/context/spring-context-3.0.xsd=org/springframework/context/config/spring-context-3.0.xsd, http://www.springframework.org/schema/tool/spring-tool.xsd=org/springframework/beans/factory/xml/spring-tool-3.1.xsd, http://www.springframework.org/schema/util/spring-util-3.0.xsd=org/springframework/beans/factory/xml/spring-util-3.0.xsd, http://www.alibaba.com/schema/stat.xsd=META-INF/stat.xsd, http://www.springframework.org/schema/lang/spring-lang-3.0.xsd=org/springframework/scripting/config/spring-lang-3.0.xsd, http://www.springframework.org/schema/util/spring-util-2.0.xsd=org/springframework/beans/factory/xml/spring-util-2.0.xsd, http://www.springframework.org/schema/lang/spring-lang-2.0.xsd=org/springframework/scripting/config/spring-lang-2.0.xsd, http://www.springframework.org/schema/beans/spring-beans-2.5.xsd=org/springframework/beans/factory/xml/spring-beans-2.5.xsd}
[DEBUG][2019-10-15 20:13:50,968][org.springframework.beans.factory.xml.PluggableSchemaResolver]Found XML schema [http://www.springframework.org/schema/beans/spring-beans-2.0.xsd] in classpath: org/springframework/beans/factory/xml/spring-beans-2.0.xsd
[DEBUG][2019-10-15 20:13:50,993][org.springframework.beans.factory.xml.PluggableSchemaResolver]Trying to resolve XML entity with public id [null] and system id [http://www.springframework.org/schema/aop/spring-aop-2.0.xsd]
[DEBUG][2019-10-15 20:13:50,993][org.springframework.beans.factory.xml.PluggableSchemaResolver]Found XML schema [http://www.springframework.org/schema/aop/spring-aop-2.0.xsd] in classpath: org/springframework/aop/config/spring-aop-2.0.xsd
[DEBUG][2019-10-15 20:13:51,004][org.springframework.beans.factory.xml.DefaultBeanDefinitionDocumentReader]Loading bean definitions
[DEBUG][2019-10-15 20:13:51,017][org.springframework.beans.factory.xml.DefaultNamespaceHandlerResolver]Loaded mappings [{http://www.springframework.org/schema/p=org.springframework.beans.factory.xml.SimplePropertyNamespaceHandler, http://www.springframework.org/schema/util=org.springframework.beans.factory.xml.UtilNamespaceHandler, http://www.alibaba.com/schema/stat=com.alibaba.druid.support.spring.stat.config.DruidStatNamespaceHandler, http://www.springframework.org/schema/jee=org.springframework.ejb.config.JeeNamespaceHandler, http://www.springframework.org/schema/aop=org.springframework.aop.config.AopNamespaceHandler, http://www.springframework.org/schema/redis=org.springframework.data.redis.config.RedisNamespaceHandler, http://www.springframework.org/schema/cache=org.springframework.cache.config.CacheNamespaceHandler, http://www.springframework.org/schema/c=org.springframework.beans.factory.xml.SimpleConstructorNamespaceHandler, http://www.springframework.org/schema/tx=org.springframework.transaction.config.TxNamespaceHandler, http://www.ctrip.com/schema/apollo=com.ctrip.framework.apollo.spring.config.NamespaceHandler, http://www.springframework.org/schema/task=org.springframework.scheduling.config.TaskNamespaceHandler, http://www.springframework.org/schema/jms=org.springframework.jms.config.JmsNamespaceHandler, http://www.springframework.org/schema/lang=org.springframework.scripting.config.LangNamespaceHandler, http://www.springframework.org/schema/context=org.springframework.context.config.ContextNamespaceHandler}]
[DEBUG][2019-10-15 20:13:51,034][org.springframework.beans.factory.xml.XmlBeanDefinitionReader]Loaded 6 bean definitions from location pattern [spring-context-owen.xml]
[INFO][2019-10-15 20:13:51,034][org.springframework.context.support.ClassPathXmlApplicationContext]Bean factory for application context [org.springframework.context.support.ClassPathXmlApplicationContext@37f5d386]: org.springframework.beans.factory.support.DefaultListableBeanFactory@313a53d
[DEBUG][2019-10-15 20:13:51,035][org.springframework.context.support.ClassPathXmlApplicationContext]6 beans defined in org.springframework.context.support.ClassPathXmlApplicationContext@37f5d386: display name [org.springframework.context.support.ClassPathXmlApplicationContext@37f5d386]; startup date [Tue Oct 15 20:13:50 CST 2019]; root of context hierarchy
[DEBUG][2019-10-15 20:13:51,040][org.springframework.beans.factory.support.DefaultListableBeanFactory]Creating shared instance of singleton bean 'org.springframework.aop.config.internalAutoProxyCreator'
[DEBUG][2019-10-15 20:13:51,040][org.springframework.beans.factory.support.DefaultListableBeanFactory]Creating instance of bean 'org.springframework.aop.config.internalAutoProxyCreator'
[DEBUG][2019-10-15 20:13:51,043][org.springframework.core.CollectionFactory]Creating [java.util.concurrent.ConcurrentHashMap]
[DEBUG][2019-10-15 20:13:51,051][org.springframework.beans.factory.support.DefaultListableBeanFactory]Eagerly caching bean 'org.springframework.aop.config.internalAutoProxyCreator' to allow for resolving potential circular references
[DEBUG][2019-10-15 20:13:51,054][org.springframework.beans.CachedIntrospectionResults]Getting BeanInfo for class [org.springframework.aop.aspectj.autoproxy.AspectJAwareAdvisorAutoProxyCreator]
[DEBUG][2019-10-15 20:13:51,057][org.springframework.beans.CachedIntrospectionResults]Caching PropertyDescriptors for class [org.springframework.aop.aspectj.autoproxy.AspectJAwareAdvisorAutoProxyCreator]
[DEBUG][2019-10-15 20:13:51,057][org.springframework.beans.CachedIntrospectionResults]Found bean property 'advisorAdapterRegistry' of type [org.springframework.aop.framework.adapter.AdvisorAdapterRegistry]
[DEBUG][2019-10-15 20:13:51,058][org.springframework.beans.CachedIntrospectionResults]Found bean property 'applyCommonInterceptorsFirst' of type [boolean]
[DEBUG][2019-10-15 20:13:51,058][org.springframework.beans.CachedIntrospectionResults]Found bean property 'beanClassLoader' of type [java.lang.ClassLoader]
[DEBUG][2019-10-15 20:13:51,058][org.springframework.beans.CachedIntrospectionResults]Found bean property 'beanFactory' of type [org.springframework.beans.factory.BeanFactory]
[DEBUG][2019-10-15 20:13:51,058][org.springframework.beans.CachedIntrospectionResults]Found bean property 'class' of type [java.lang.Class]
[DEBUG][2019-10-15 20:13:51,058][org.springframework.beans.CachedIntrospectionResults]Found bean property 'customTargetSourceCreators' of type [[Lorg.springframework.aop.framework.autoproxy.TargetSourceCreator;]
[DEBUG][2019-10-15 20:13:51,058][org.springframework.beans.CachedIntrospectionResults]Found bean property 'exposeProxy' of type [boolean]
[DEBUG][2019-10-15 20:13:51,058][org.springframework.beans.CachedIntrospectionResults]Found bean property 'frozen' of type [boolean]
[DEBUG][2019-10-15 20:13:51,058][org.springframework.beans.CachedIntrospectionResults]Found bean property 'interceptorNames' of type [[Ljava.lang.String;]
[DEBUG][2019-10-15 20:13:51,058][org.springframework.beans.CachedIntrospectionResults]Found bean property 'opaque' of type [boolean]
[DEBUG][2019-10-15 20:13:51,058][org.springframework.beans.CachedIntrospectionResults]Found bean property 'optimize' of type [boolean]
[DEBUG][2019-10-15 20:13:51,058][org.springframework.beans.CachedIntrospectionResults]Found bean property 'order' of type [int]
[DEBUG][2019-10-15 20:13:51,058][org.springframework.beans.CachedIntrospectionResults]Found bean property 'proxyClassLoader' of type [java.lang.ClassLoader]
[DEBUG][2019-10-15 20:13:51,059][org.springframework.beans.CachedIntrospectionResults]Found bean property 'proxyTargetClass' of type [boolean]
[DEBUG][2019-10-15 20:13:51,060][org.springframework.beans.factory.support.DefaultListableBeanFactory]Finished creating instance of bean 'org.springframework.aop.config.internalAutoProxyCreator'
[DEBUG][2019-10-15 20:13:51,061][org.springframework.context.support.ClassPathXmlApplicationContext]Unable to locate MessageSource with name 'messageSource': using default [org.springframework.context.support.DelegatingMessageSource@7054c4ad]
[DEBUG][2019-10-15 20:13:51,062][org.springframework.context.support.ClassPathXmlApplicationContext]Unable to locate ApplicationEventMulticaster with name 'applicationEventMulticaster': using default [org.springframework.context.event.SimpleApplicationEventMulticaster@789934d4]
[INFO][2019-10-15 20:13:51,063][org.springframework.beans.factory.support.DefaultListableBeanFactory]Pre-instantiating singletons in org.springframework.beans.factory.support.DefaultListableBeanFactory@313a53d: defining beans [xService,goodsWarnAspect,org.springframework.aop.config.internalAutoProxyCreator,goodsWarnPointcut,org.springframework.aop.support.DefaultBeanFactoryPointcutAdvisor#0,springContextHolder]; root of factory hierarchy
[DEBUG][2019-10-15 20:13:51,063][org.springframework.beans.factory.support.DefaultListableBeanFactory]Returning cached instance of singleton bean 'org.springframework.aop.config.internalAutoProxyCreator'
[DEBUG][2019-10-15 20:13:51,063][org.springframework.beans.factory.support.DefaultListableBeanFactory]Creating shared instance of singleton bean 'org.springframework.aop.support.DefaultBeanFactoryPointcutAdvisor#0'
[DEBUG][2019-10-15 20:13:51,063][org.springframework.beans.factory.support.DefaultListableBeanFactory]Creating instance of bean 'org.springframework.aop.support.DefaultBeanFactoryPointcutAdvisor#0'
[DEBUG][2019-10-15 20:13:51,063][org.springframework.aop.aspectj.autoproxy.AspectJAwareAdvisorAutoProxyCreator]Did not attempt to auto-proxy infrastructure class [org.springframework.aop.support.DefaultBeanFactoryPointcutAdvisor]
[DEBUG][2019-10-15 20:13:51,064][org.springframework.beans.factory.support.DefaultListableBeanFactory]Eagerly caching bean 'org.springframework.aop.support.DefaultBeanFactoryPointcutAdvisor#0' to allow for resolving potential circular references
[DEBUG][2019-10-15 20:13:51,064][org.springframework.beans.CachedIntrospectionResults]Getting BeanInfo for class [org.springframework.aop.support.DefaultBeanFactoryPointcutAdvisor]
[DEBUG][2019-10-15 20:13:51,067][org.springframework.beans.CachedIntrospectionResults]Caching PropertyDescriptors for class [org.springframework.aop.support.DefaultBeanFactoryPointcutAdvisor]
[DEBUG][2019-10-15 20:13:51,067][org.springframework.beans.CachedIntrospectionResults]Found bean property 'advice' of type [org.aopalliance.aop.Advice]
[DEBUG][2019-10-15 20:13:51,067][org.springframework.beans.CachedIntrospectionResults]Found bean property 'adviceBeanName' of type [java.lang.String]
[DEBUG][2019-10-15 20:13:51,067][org.springframework.beans.CachedIntrospectionResults]Found bean property 'beanFactory' of type [org.springframework.beans.factory.BeanFactory]
[DEBUG][2019-10-15 20:13:51,067][org.springframework.beans.CachedIntrospectionResults]Found bean property 'class' of type [java.lang.Class]
[DEBUG][2019-10-15 20:13:51,067][org.springframework.beans.CachedIntrospectionResults]Found bean property 'order' of type [int]
[DEBUG][2019-10-15 20:13:51,067][org.springframework.beans.CachedIntrospectionResults]Found bean property 'perInstance' of type [boolean]
[DEBUG][2019-10-15 20:13:51,067][org.springframework.beans.CachedIntrospectionResults]Found bean property 'pointcut' of type [org.springframework.aop.Pointcut]
[DEBUG][2019-10-15 20:13:51,067][org.springframework.beans.factory.support.DefaultListableBeanFactory]Creating instance of bean 'goodsWarnPointcut'
[DEBUG][2019-10-15 20:13:51,108][org.springframework.beans.CachedIntrospectionResults]Getting BeanInfo for class [org.springframework.aop.aspectj.AspectJExpressionPointcut]
[DEBUG][2019-10-15 20:13:51,109][org.springframework.beans.CachedIntrospectionResults]Caching PropertyDescriptors for class [org.springframework.aop.aspectj.AspectJExpressionPointcut]
[DEBUG][2019-10-15 20:13:51,109][org.springframework.beans.CachedIntrospectionResults]Found bean property 'beanFactory' of type [org.springframework.beans.factory.BeanFactory]
[DEBUG][2019-10-15 20:13:51,109][org.springframework.beans.CachedIntrospectionResults]Found bean property 'class' of type [java.lang.Class]
[DEBUG][2019-10-15 20:13:51,110][org.springframework.beans.CachedIntrospectionResults]Found bean property 'classFilter' of type [org.springframework.aop.ClassFilter]
[DEBUG][2019-10-15 20:13:51,110][org.springframework.beans.CachedIntrospectionResults]Found bean property 'expression' of type [java.lang.String]
[DEBUG][2019-10-15 20:13:51,110][org.springframework.beans.CachedIntrospectionResults]Found bean property 'location' of type [java.lang.String]
[DEBUG][2019-10-15 20:13:51,110][org.springframework.beans.CachedIntrospectionResults]Found bean property 'methodMatcher' of type [org.springframework.aop.MethodMatcher]
[DEBUG][2019-10-15 20:13:51,110][org.springframework.beans.CachedIntrospectionResults]Found bean property 'parameterNames' of type [[Ljava.lang.String;]
[DEBUG][2019-10-15 20:13:51,110][org.springframework.beans.CachedIntrospectionResults]Found bean property 'parameterTypes' of type [[Ljava.lang.Class;]
[DEBUG][2019-10-15 20:13:51,110][org.springframework.beans.CachedIntrospectionResults]Found bean property 'pointcutDeclarationScope' of type [java.lang.Class]
[DEBUG][2019-10-15 20:13:51,110][org.springframework.beans.CachedIntrospectionResults]Found bean property 'pointcutExpression' of type [org.aspectj.weaver.tools.PointcutExpression]
[DEBUG][2019-10-15 20:13:51,110][org.springframework.beans.CachedIntrospectionResults]Found bean property 'runtime' of type [boolean]
[DEBUG][2019-10-15 20:13:51,110][org.springframework.beans.factory.support.DefaultListableBeanFactory]Finished creating instance of bean 'goodsWarnPointcut'
[DEBUG][2019-10-15 20:13:51,111][org.springframework.beans.factory.support.DefaultListableBeanFactory]Finished creating instance of bean 'org.springframework.aop.support.DefaultBeanFactoryPointcutAdvisor#0'
[DEBUG][2019-10-15 20:13:51,111][org.springframework.beans.factory.support.DefaultListableBeanFactory]Creating shared instance of singleton bean 'springContextHolder'
[DEBUG][2019-10-15 20:13:51,111][org.springframework.beans.factory.support.DefaultListableBeanFactory]Creating instance of bean 'springContextHolder'
[DEBUG][2019-10-15 20:13:51,111][org.springframework.beans.factory.support.DefaultListableBeanFactory]Returning cached instance of singleton bean 'org.springframework.aop.support.DefaultBeanFactoryPointcutAdvisor#0'
[DEBUG][2019-10-15 20:13:51,111][org.springframework.beans.factory.support.DefaultListableBeanFactory]Eagerly caching bean 'springContextHolder' to allow for resolving potential circular references
[DEBUG][2019-10-15 20:13:51,112][org.springframework.beans.CachedIntrospectionResults]Getting BeanInfo for class [context.SpringContextHolder]
[DEBUG][2019-10-15 20:13:51,114][org.springframework.beans.CachedIntrospectionResults]Caching PropertyDescriptors for class [context.SpringContextHolder]
[DEBUG][2019-10-15 20:13:51,114][org.springframework.beans.CachedIntrospectionResults]Found bean property 'applicationContext' of type [org.springframework.context.ApplicationContext]
[DEBUG][2019-10-15 20:13:51,114][org.springframework.beans.CachedIntrospectionResults]Found bean property 'class' of type [java.lang.Class]
[DEBUG][2019-10-15 20:13:51,114][org.springframework.beans.factory.support.DefaultListableBeanFactory]Returning cached instance of singleton bean 'org.springframework.aop.support.DefaultBeanFactoryPointcutAdvisor#0'
[DEBUG][2019-10-15 20:13:51,114][org.springframework.beans.factory.support.DefaultListableBeanFactory]Returning cached instance of singleton bean 'org.springframework.aop.support.DefaultBeanFactoryPointcutAdvisor#0'
[DEBUG][2019-10-15 20:13:51,177][org.springframework.beans.factory.support.DefaultListableBeanFactory]Finished creating instance of bean 'springContextHolder'
[DEBUG][2019-10-15 20:13:51,178][org.springframework.context.support.ClassPathXmlApplicationContext]Publishing event in context [org.springframework.context.support.ClassPathXmlApplicationContext@37f5d386]: org.springframework.context.event.ContextRefreshedEvent[source=org.springframework.context.support.ClassPathXmlApplicationContext@37f5d386: display name [org.springframework.context.support.ClassPathXmlApplicationContext@37f5d386]; startup date [Tue Oct 15 20:13:50 CST 2019]; root of context hierarchy]
[DEBUG][2019-10-15 20:13:51,178][org.springframework.beans.factory.support.DefaultListableBeanFactory]Creating shared instance of singleton bean 'xService'
[DEBUG][2019-10-15 20:13:51,178][org.springframework.beans.factory.support.DefaultListableBeanFactory]Creating instance of bean 'xService'
[DEBUG][2019-10-15 20:13:51,178][org.springframework.beans.factory.support.DefaultListableBeanFactory]Returning cached instance of singleton bean 'org.springframework.aop.support.DefaultBeanFactoryPointcutAdvisor#0'
[DEBUG][2019-10-15 20:13:51,178][org.springframework.beans.factory.support.DefaultListableBeanFactory]Eagerly caching bean 'xService' to allow for resolving potential circular references
[DEBUG][2019-10-15 20:13:51,178][org.springframework.beans.CachedIntrospectionResults]Getting BeanInfo for class [service.XService]
[DEBUG][2019-10-15 20:13:51,179][org.springframework.beans.CachedIntrospectionResults]Caching PropertyDescriptors for class [service.XService]
[DEBUG][2019-10-15 20:13:51,179][org.springframework.beans.CachedIntrospectionResults]Found bean property 'class' of type [java.lang.Class]
[DEBUG][2019-10-15 20:13:51,180][org.springframework.beans.factory.support.DefaultListableBeanFactory]Returning cached instance of singleton bean 'org.springframework.aop.support.DefaultBeanFactoryPointcutAdvisor#0'
[DEBUG][2019-10-15 20:13:51,180][org.springframework.beans.factory.support.DefaultListableBeanFactory]Returning cached instance of singleton bean 'org.springframework.aop.support.DefaultBeanFactoryPointcutAdvisor#0'
[DEBUG][2019-10-15 20:13:51,207][org.springframework.beans.factory.support.DefaultListableBeanFactory]Creating shared instance of singleton bean 'goodsWarnAspect'
[DEBUG][2019-10-15 20:13:51,207][org.springframework.beans.factory.support.DefaultListableBeanFactory]Creating instance of bean 'goodsWarnAspect'
[DEBUG][2019-10-15 20:13:51,207][org.springframework.aop.aspectj.autoproxy.AspectJAwareAdvisorAutoProxyCreator]Did not attempt to auto-proxy infrastructure class [aop.XAspect]
[DEBUG][2019-10-15 20:13:51,207][org.springframework.beans.factory.support.DefaultListableBeanFactory]Eagerly caching bean 'goodsWarnAspect' to allow for resolving potential circular references
[DEBUG][2019-10-15 20:13:51,207][org.springframework.beans.CachedIntrospectionResults]Getting BeanInfo for class [aop.XAspect]
[DEBUG][2019-10-15 20:13:51,208][org.springframework.beans.CachedIntrospectionResults]Caching PropertyDescriptors for class [aop.XAspect]
[DEBUG][2019-10-15 20:13:51,208][org.springframework.beans.CachedIntrospectionResults]Found bean property 'class' of type [java.lang.Class]
[DEBUG][2019-10-15 20:13:51,208][org.springframework.beans.factory.support.DefaultListableBeanFactory]Finished creating instance of bean 'goodsWarnAspect'
[DEBUG][2019-10-15 20:13:51,213][org.springframework.core.CollectionFactory]Creating [java.util.concurrent.ConcurrentHashMap]
[DEBUG][2019-10-15 20:13:51,215][org.springframework.aop.aspectj.autoproxy.AspectJAwareAdvisorAutoProxyCreator]Creating implicit proxy for bean 'xService' with 0 common interceptors and 2 specific interceptors
[DEBUG][2019-10-15 20:13:51,219][org.springframework.aop.framework.Cglib2AopProxy]Creating CGLIB2 proxy: target source is SingletonTargetSource for target object [service.XService@630f41e9]
[DEBUG][2019-10-15 20:13:51,254][org.springframework.core.CollectionFactory]Creating [java.util.concurrent.ConcurrentHashMap]
[DEBUG][2019-10-15 20:13:51,264][org.springframework.aop.framework.Cglib2AopProxy]Unable to apply any optimisations to advised method: public int service.XService.add(int,int)
[DEBUG][2019-10-15 20:13:51,265][org.springframework.aop.framework.Cglib2AopProxy]Unable to apply any optimisations to advised method: public void service.XService.test()
[DEBUG][2019-10-15 20:13:51,265][org.springframework.aop.framework.Cglib2AopProxy]Unable to apply any optimisations to advised method: public int service.XService.divide(int,int)
[DEBUG][2019-10-15 20:13:51,265][org.springframework.aop.framework.Cglib2AopProxy]Unable to apply any optimisations to advised method: public int service.XService.multiply(int,int)
[DEBUG][2019-10-15 20:13:51,266][org.springframework.aop.framework.Cglib2AopProxy]Unable to apply any optimisations to advised method: public int service.XService.sub(int,int)
[DEBUG][2019-10-15 20:13:51,266][org.springframework.aop.framework.Cglib2AopProxy]Found finalize() method - using NO_OVERRIDE
[DEBUG][2019-10-15 20:13:51,266][org.springframework.aop.framework.Cglib2AopProxy]Found 'equals' method: public boolean java.lang.Object.equals(java.lang.Object)
[DEBUG][2019-10-15 20:13:51,266][org.springframework.aop.framework.Cglib2AopProxy]Unable to apply any optimisations to advised method: public java.lang.String java.lang.Object.toString()
[DEBUG][2019-10-15 20:13:51,266][org.springframework.aop.framework.Cglib2AopProxy]Found 'hashCode' method: public native int java.lang.Object.hashCode()
[DEBUG][2019-10-15 20:13:51,266][org.springframework.aop.framework.Cglib2AopProxy]Unable to apply any optimisations to advised method: protected native java.lang.Object java.lang.Object.clone() throws java.lang.CloneNotSupportedException
[DEBUG][2019-10-15 20:13:51,266][org.springframework.aop.framework.Cglib2AopProxy]Method is declared on Advised interface: public abstract int org.springframework.aop.framework.Advised.indexOf(org.aopalliance.aop.Advice)
[DEBUG][2019-10-15 20:13:51,266][org.springframework.aop.framework.Cglib2AopProxy]Method is declared on Advised interface: public abstract int org.springframework.aop.framework.Advised.indexOf(org.springframework.aop.Advisor)
[DEBUG][2019-10-15 20:13:51,266][org.springframework.aop.framework.Cglib2AopProxy]Method is declared on Advised interface: public abstract boolean org.springframework.aop.framework.Advised.isFrozen()
[DEBUG][2019-10-15 20:13:51,267][org.springframework.aop.framework.Cglib2AopProxy]Method is declared on Advised interface: public abstract org.springframework.aop.TargetSource org.springframework.aop.framework.Advised.getTargetSource()
[DEBUG][2019-10-15 20:13:51,267][org.springframework.aop.framework.Cglib2AopProxy]Method is declared on Advised interface: public abstract void org.springframework.aop.framework.Advised.addAdvisor(org.springframework.aop.Advisor) throws org.springframework.aop.framework.AopConfigException
[DEBUG][2019-10-15 20:13:51,267][org.springframework.aop.framework.Cglib2AopProxy]Method is declared on Advised interface: public abstract void org.springframework.aop.framework.Advised.addAdvisor(int,org.springframework.aop.Advisor) throws org.springframework.aop.framework.AopConfigException
[DEBUG][2019-10-15 20:13:51,267][org.springframework.aop.framework.Cglib2AopProxy]Method is declared on Advised interface: public abstract void org.springframework.aop.framework.Advised.setTargetSource(org.springframework.aop.TargetSource)
[DEBUG][2019-10-15 20:13:51,267][org.springframework.aop.framework.Cglib2AopProxy]Method is declared on Advised interface: public abstract void org.springframework.aop.framework.Advised.setPreFiltered(boolean)
[DEBUG][2019-10-15 20:13:51,267][org.springframework.aop.framework.Cglib2AopProxy]Method is declared on Advised interface: public abstract boolean org.springframework.aop.framework.Advised.isProxyTargetClass()
[DEBUG][2019-10-15 20:13:51,267][org.springframework.aop.framework.Cglib2AopProxy]Method is declared on Advised interface: public abstract void org.springframework.aop.framework.Advised.setExposeProxy(boolean)
[DEBUG][2019-10-15 20:13:51,267][org.springframework.aop.framework.Cglib2AopProxy]Method is declared on Advised interface: public abstract boolean org.springframework.aop.framework.Advised.isExposeProxy()
[DEBUG][2019-10-15 20:13:51,267][org.springframework.aop.framework.Cglib2AopProxy]Method is declared on Advised interface: public abstract void org.springframework.aop.framework.Advised.addAdvice(org.aopalliance.aop.Advice) throws org.springframework.aop.framework.AopConfigException
[DEBUG][2019-10-15 20:13:51,267][org.springframework.aop.framework.Cglib2AopProxy]Method is declared on Advised interface: public abstract void org.springframework.aop.framework.Advised.addAdvice(int,org.aopalliance.aop.Advice) throws org.springframework.aop.framework.AopConfigException
[DEBUG][2019-10-15 20:13:51,267][org.springframework.aop.framework.Cglib2AopProxy]Method is declared on Advised interface: public abstract boolean org.springframework.aop.framework.Advised.isPreFiltered()
[DEBUG][2019-10-15 20:13:51,267][org.springframework.aop.framework.Cglib2AopProxy]Method is declared on Advised interface: public abstract java.lang.Class[] org.springframework.aop.framework.Advised.getProxiedInterfaces()
[DEBUG][2019-10-15 20:13:51,267][org.springframework.aop.framework.Cglib2AopProxy]Method is declared on Advised interface: public abstract boolean org.springframework.aop.framework.Advised.isInterfaceProxied(java.lang.Class)
[DEBUG][2019-10-15 20:13:51,267][org.springframework.aop.framework.Cglib2AopProxy]Method is declared on Advised interface: public abstract org.springframework.aop.Advisor[] org.springframework.aop.framework.Advised.getAdvisors()
[DEBUG][2019-10-15 20:13:51,268][org.springframework.aop.framework.Cglib2AopProxy]Method is declared on Advised interface: public abstract void org.springframework.aop.framework.Advised.removeAdvisor(int) throws org.springframework.aop.framework.AopConfigException
[DEBUG][2019-10-15 20:13:51,268][org.springframework.aop.framework.Cglib2AopProxy]Method is declared on Advised interface: public abstract boolean org.springframework.aop.framework.Advised.removeAdvisor(org.springframework.aop.Advisor)
[DEBUG][2019-10-15 20:13:51,268][org.springframework.aop.framework.Cglib2AopProxy]Method is declared on Advised interface: public abstract boolean org.springframework.aop.framework.Advised.replaceAdvisor(org.springframework.aop.Advisor,org.springframework.aop.Advisor) throws org.springframework.aop.framework.AopConfigException
[DEBUG][2019-10-15 20:13:51,268][org.springframework.aop.framework.Cglib2AopProxy]Method is declared on Advised interface: public abstract boolean org.springframework.aop.framework.Advised.removeAdvice(org.aopalliance.aop.Advice)
[DEBUG][2019-10-15 20:13:51,268][org.springframework.aop.framework.Cglib2AopProxy]Method is declared on Advised interface: public abstract java.lang.String org.springframework.aop.framework.Advised.toProxyConfigString()
[DEBUG][2019-10-15 20:13:51,268][org.springframework.aop.framework.Cglib2AopProxy]Method is declared on Advised interface: public abstract java.lang.Class org.springframework.aop.TargetClassAware.getTargetClass()
[DEBUG][2019-10-15 20:13:51,280][org.springframework.beans.factory.support.DefaultListableBeanFactory]Finished creating instance of bean 'xService'
